GET / Thunder Client (https://www.thunderclient.com) 200 21 - 2.358 ms Sun, 19 Mar 2023 11:24:58 GMT 
GET /user/id Thunder Client (https://www.thunderclient.com) 401 48 - 307.748 ms Sun, 19 Mar 2023 11:27:19 GMT 
GET /user/id Thunder Client (https://www.thunderclient.com) 200 3 - 30.432 ms Sun, 19 Mar 2023 11:27:56 GMT 
GET /user/id Thunder Client (https://www.thunderclient.com) 200 3 - 1777.986 ms Sun, 19 Mar 2023 11:30:08 GMT 
GET /user/id Thunder Client (https://www.thunderclient.com) 200 23 - 368.051 ms Sun, 19 Mar 2023 11:31:44 GMT 
GET /user/6415d692695f33d329cadaa4 Thunder Client (https://www.thunderclient.com) 200 4 - 1043.173 ms Sun, 19 Mar 2023 11:32:31 GMT 
GET /user/6415d692695f33d329cadaa4 Thunder Client (https://www.thunderclient.com) 200 4 - 4734.944 ms Sun, 19 Mar 2023 11:33:45 GMT 
GET /user/6415d692695f33d329cadaa4 Thunder Client (https://www.thunderclient.com) 200 4 - 1840.780 ms Sun, 19 Mar 2023 11:36:29 GMT 
GET /user/6415d692695f33d329cadaa4 Thunder Client (https://www.thunderclient.com) 200 4 - 629.151 ms Sun, 19 Mar 2023 11:36:48 GMT 
GET /user/6415d692695f33d329cadaa4 Thunder Client (https://www.thunderclient.com) 200 4 - 548.855 ms Sun, 19 Mar 2023 11:37:19 GMT 
GET /user/6415d692695f33d329cadaa4 Thunder Client (https://www.thunderclient.com) 200 4 - 2141.500 ms Sun, 19 Mar 2023 11:38:15 GMT 
GET /user/6415d692695f33d329cadaa4 Thunder Client (https://www.thunderclient.com) 200 23 - 1685.288 ms Sun, 19 Mar 2023 11:38:27 GMT 
GET /user/6415d692695f33d329cadaa4 Thunder Client (https://www.thunderclient.com) 200 4 - 3976.343 ms Sun, 19 Mar 2023 11:38:51 GMT 
GET /user/6415d692695f33d329cadaa4 Thunder Client (https://www.thunderclient.com) 200 4 - 2334.043 ms Sun, 19 Mar 2023 11:40:37 GMT 
GET / Mozilla/5.0 (Windows NT 10.0; Win64; x64) AppleWebKit/537.36 (KHTML, like Gecko) Chrome/111.0.0.0 Safari/537.36 304 - - 5.235 ms Sun, 19 Mar 2023 11:44:34 GMT 
GET /favicon.ico Mozilla/5.0 (Windows NT 10.0; Win64; x64) AppleWebKit/537.36 (KHTML, like Gecko) Chrome/111.0.0.0 Safari/537.36 304 - - 3.488 ms Sun, 19 Mar 2023 11:44:35 GMT 
GET /user/6415d692695f33d329cadaa4 Thunder Client (https://www.thunderclient.com) 200 2 - 3143.826 ms Sun, 19 Mar 2023 11:46:37 GMT 
GET /user/6415d692695f33d329cadaa4 Thunder Client (https://www.thunderclient.com) 200 4 - 771.053 ms Sun, 19 Mar 2023 11:47:11 GMT 
GET /user/6415d692695f33d329cadaa4 Thunder Client (https://www.thunderclient.com) 200 4 - 3433.520 ms Sun, 19 Mar 2023 11:49:34 GMT 
GET /user/ Thunder Client (https://www.thunderclient.com) 401 48 - 261.518 ms Sun, 19 Mar 2023 11:49:58 GMT 
GET /user/allusers Thunder Client (https://www.thunderclient.com) 200 23 - 284.976 ms Sun, 19 Mar 2023 11:50:11 GMT 
GET /user/allusers Thunder Client (https://www.thunderclient.com) 401 48 - 3262.351 ms Sun, 19 Mar 2023 11:52:30 GMT 
GET /user/singleuser/singleuser Thunder Client (https://www.thunderclient.com) 401 48 - 636.266 ms Sun, 19 Mar 2023 11:52:44 GMT 
GET /user/singleuser/6415d692695f33d329cadaa4 Thunder Client (https://www.thunderclient.com) 401 48 - 254.947 ms Sun, 19 Mar 2023 11:53:15 GMT 
GET /user/singleuser/6415d692695f33d329cadaa4 Thunder Client (https://www.thunderclient.com) 401 48 - 415.690 ms Sun, 19 Mar 2023 12:02:11 GMT 
GET /user/singleuser/6415d692695f33d329cadaa4 Thunder Client (https://www.thunderclient.com) 401 48 - 252.157 ms Sun, 19 Mar 2023 12:03:39 GMT 
GET /user/singleuser/6415d692695f33d329cadaa4 Thunder Client (https://www.thunderclient.com) 401 48 - 3535.089 ms Sun, 19 Mar 2023 12:04:12 GMT 
GET /user/singleuser/6415d692695f33d329cadaa4 Thunder Client (https://www.thunderclient.com) 401 48 - 2290.454 ms Sun, 19 Mar 2023 12:04:47 GMT 
GET /user/singleuser/6415d692695f33d329cadaa4 Thunder Client (https://www.thunderclient.com) 401 48 - 252.864 ms Sun, 19 Mar 2023 12:05:37 GMT 
GET /user/singleuser/6415d692695f33d329cadaa4 Thunder Client (https://www.thunderclient.com) 401 48 - 250.275 ms Sun, 19 Mar 2023 12:05:58 GMT 
GET /user/singleuser/6415d692695f33d329cadaa4 Thunder Client (https://www.thunderclient.com) 401 48 - 2926.566 ms Sun, 19 Mar 2023 12:06:16 GMT 
GET /user/singleuser/6415d692695f33d329cadaa4 Thunder Client (https://www.thunderclient.com) 401 49 - 4663.952 ms Sun, 19 Mar 2023 12:06:44 GMT 
GET /user/singleuser/6415d692695f33d329cadaa4 Thunder Client (https://www.thunderclient.com) 401 49 - 262.073 ms Sun, 19 Mar 2023 12:07:25 GMT 
GET /user/singleuser/6415d692695f33d329cadaa4 Thunder Client (https://www.thunderclient.com) 401 49 - 290.728 ms Sun, 19 Mar 2023 12:07:27 GMT 
GET /user/singleuser/6415d692695f33d329cadaa4 Thunder Client (https://www.thunderclient.com) 401 49 - 2887.377 ms Sun, 19 Mar 2023 12:07:49 GMT 
GET /user/singleuser/6415d692695f33d329cadaa4 Thunder Client (https://www.thunderclient.com) 401 49 - 1903.326 ms Sun, 19 Mar 2023 12:08:13 GMT 
GET /user/singleuser/6415d692695f33d329cadaa4 Thunder Client (https://www.thunderclient.com) 200 4 - 2054.805 ms Sun, 19 Mar 2023 12:08:32 GMT 
GET /user/singleuser/6415d692695f33d329cadaa4 Thunder Client (https://www.thunderclient.com) 200 4 - 517.012 ms Sun, 19 Mar 2023 12:09:21 GMT 
GET /user/singleuser/6415d692695f33d329cadaa4 Thunder Client (https://www.thunderclient.com) 200 4 - 3496.146 ms Sun, 19 Mar 2023 12:09:52 GMT 
GET /user/singleuser/6415d692695f33d329cadaa4 Thunder Client (https://www.thunderclient.com) 401 49 - 2923.989 ms Sun, 19 Mar 2023 12:11:11 GMT 
GET /user/singleuser/6415d692695f33d329cadaa4 Thunder Client (https://www.thunderclient.com) 401 49 - 4274.756 ms Sun, 19 Mar 2023 12:12:26 GMT 
GET /user/singleuser/6416ec1e97cdb7c44fb91bdb Thunder Client (https://www.thunderclient.com) 200 276 - 559.906 ms Sun, 19 Mar 2023 12:15:42 GMT 
GET /user/singleuser/6416ec1e97cdb7c44fb91bdb Thunder Client (https://www.thunderclient.com) 401 49 - 242.352 ms Sun, 19 Mar 2023 12:16:26 GMT 
GET /user/singleuser/6416ec1e97cdb7c44fb91bdb Thunder Client (https://www.thunderclient.com) 200 276 - 525.585 ms Sun, 19 Mar 2023 12:16:31 GMT 
GET /user/singleuser/6416ec1e97cdb7c44fb91bdb Thunder Client (https://www.thunderclient.com) 401 48 - 4781.108 ms Sun, 19 Mar 2023 12:17:07 GMT 
GET /user/6416ec1e97cdb7c44fb91bdb Thunder Client (https://www.thunderclient.com) 200 276 - 836.129 ms Sun, 19 Mar 2023 12:17:13 GMT 
GET /user/ Thunder Client (https://www.thunderclient.com) 401 48 - 286.571 ms Sun, 19 Mar 2023 12:17:18 GMT 
GET /user/allusers Thunder Client (https://www.thunderclient.com) 200 23 - 289.710 ms Sun, 19 Mar 2023 12:17:28 GMT 
GET /user/allusers Thunder Client (https://www.thunderclient.com) 401 48 - 3676.302 ms Sun, 19 Mar 2023 12:17:50 GMT 
GET /user/allusers Thunder Client (https://www.thunderclient.com) 200 275 - 669.295 ms Sun, 19 Mar 2023 12:18:18 GMT 
